<?xml version="1.0" encoding="UTF-8" ?>
<testsuite tests="21" failures="0" name="TestRunner" time="0.059" errors="0" skipped="0">
  <properties>
    <property name="java.runtime.name" value="Java(TM) SE Runtime Environment"/>
    <property name="sun.boot.library.path" value="/Library/Java/JavaVirtualMachines/jdk1.8.0_131.jdk/Contents/Home/jre/lib"/>
    <property name="java.vm.version" value="25.131-b11"/>
    <property name="gopherProxySet" value="false"/>
    <property name="java.vm.vendor" value="Oracle Corporation"/>
    <property name="maven.multiModuleProjectDirectory" value="/Users/andreapolcz/Downloads/ui-service"/>
    <property name="java.vendor.url" value="http://java.oracle.com/"/>
    <property name="path.separator" value=":"/>
    <property name="guice.disable.misplaced.annotation.check" value="true"/>
    <property name="java.vm.name" value="Java HotSpot(TM) 64-Bit Server VM"/>
    <property name="file.encoding.pkg" value="sun.io"/>
    <property name="user.country" value="US"/>
    <property name="sun.java.launcher" value="SUN_STANDARD"/>
    <property name="sun.os.patch.level" value="unknown"/>
    <property name="java.vm.specification.name" value="Java Virtual Machine Specification"/>
    <property name="user.dir" value="/Users/andreapolcz/Downloads/ui-service"/>
    <property name="java.runtime.version" value="1.8.0_131-b11"/>
    <property name="java.awt.graphicsenv" value="sun.awt.CGraphicsEnvironment"/>
    <property name="java.endorsed.dirs" value="/Library/Java/JavaVirtualMachines/jdk1.8.0_131.jdk/Contents/Home/jre/lib/endorsed"/>
    <property name="os.arch" value="x86_64"/>
    <property name="java.io.tmpdir" value="/var/folders/ch/ywlmccc51x58qgd4_5fbkbrc0000gn/T/"/>
    <property name="line.separator" value="
"/>
    <property name="java.vm.specification.vendor" value="Oracle Corporation"/>
    <property name="os.name" value="Mac OS X"/>
    <property name="classworlds.conf" value="/Users/andreapolcz/.sdkman/candidates/maven/current/bin/m2.conf"/>
    <property name="sun.jnu.encoding" value="UTF-8"/>
    <property name="java.library.path" value="/Users/andreapolcz/Library/Java/Extensions:/Library/Java/Extensions:/Network/Library/Java/Extensions:/System/Library/Java/Extensions:/usr/lib/java:."/>
    <property name="maven.conf" value="/Users/andreapolcz/.sdkman/candidates/maven/current/conf"/>
    <property name="java.specification.name" value="Java Platform API Specification"/>
    <property name="java.class.version" value="52.0"/>
    <property name="sun.management.compiler" value="HotSpot 64-Bit Tiered Compilers"/>
    <property name="os.version" value="10.12.4"/>
    <property name="library.jansi.path" value="/Users/andreapolcz/.sdkman/candidates/maven/current/lib/jansi-native/osx64"/>
    <property name="http.nonProxyHosts" value="local|*.local|169.254/16|*.169.254/16"/>
    <property name="user.home" value="/Users/andreapolcz"/>
    <property name="user.timezone" value="Europe/Bucharest"/>
    <property name="java.awt.printerjob" value="sun.lwawt.macosx.CPrinterJob"/>
    <property name="java.specification.version" value="1.8"/>
    <property name="file.encoding" value="UTF-8"/>
    <property name="user.name" value="andreapolcz"/>
    <property name="java.class.path" value="/Users/andreapolcz/.sdkman/candidates/maven/current/boot/plexus-classworlds-2.5.2.jar"/>
    <property name="java.vm.specification.version" value="1.8"/>
    <property name="sun.arch.data.model" value="64"/>
    <property name="java.home" value="/Library/Java/JavaVirtualMachines/jdk1.8.0_131.jdk/Contents/Home/jre"/>
    <property name="sun.java.command" value="org.codehaus.plexus.classworlds.launcher.Launcher clean install"/>
    <property name="java.specification.vendor" value="Oracle Corporation"/>
    <property name="user.language" value="en"/>
    <property name="awt.toolkit" value="sun.lwawt.macosx.LWCToolkit"/>
    <property name="java.vm.info" value="mixed mode"/>
    <property name="java.version" value="1.8.0_131"/>
    <property name="java.ext.dirs" value="/Users/andreapolcz/Library/Java/Extensions:/Library/Java/JavaVirtualMachines/jdk1.8.0_131.jdk/Contents/Home/jre/lib/ext:/Library/Java/Extensions:/Network/Library/Java/Extensions:/System/Library/Java/Extensions:/usr/lib/java"/>
    <property name="sun.boot.class.path" value="/Library/Java/JavaVirtualMachines/jdk1.8.0_131.jdk/Contents/Home/jre/lib/resources.jar:/Library/Java/JavaVirtualMachines/jdk1.8.0_131.jdk/Contents/Home/jre/lib/rt.jar:/Library/Java/JavaVirtualMachines/jdk1.8.0_131.jdk/Contents/Home/jre/lib/sunrsasign.jar:/Library/Java/JavaVirtualMachines/jdk1.8.0_131.jdk/Contents/Home/jre/lib/jsse.jar:/Library/Java/JavaVirtualMachines/jdk1.8.0_131.jdk/Contents/Home/jre/lib/jce.jar:/Library/Java/JavaVirtualMachines/jdk1.8.0_131.jdk/Contents/Home/jre/lib/charsets.jar:/Library/Java/JavaVirtualMachines/jdk1.8.0_131.jdk/Contents/Home/jre/lib/jfr.jar:/Library/Java/JavaVirtualMachines/jdk1.8.0_131.jdk/Contents/Home/jre/classes"/>
    <property name="java.vendor" value="Oracle Corporation"/>
    <property name="maven.home" value="/Users/andreapolcz/.sdkman/candidates/maven/current"/>
    <property name="file.separator" value="/"/>
    <property name="java.vendor.url.bug" value="http://bugreport.sun.com/bugreport/"/>
    <property name="sun.cpu.endian" value="little"/>
    <property name="sun.io.unicode.encoding" value="UnicodeBig"/>
    <property name="socksNonProxyHosts" value="local|*.local|169.254/16|*.169.254/16"/>
    <property name="ftp.nonProxyHosts" value="local|*.local|169.254/16|*.169.254/16"/>
    <property name="sun.cpu.isalist" value=""/>
  </properties>
  <testcase classname="| 1 | 1 |" name="Given browsers window size is set to &quot;1&quot; and &quot;1&quot;" time="0.04"/>
  <testcase classname="| 1 | 1 |" name="Given user is on Hostelworld homepage" time="0"/>
  <testcase classname="| 1 | 1 |" name="When he searches for &quot;Dublin, Ireland&quot;" time="0"/>
  <testcase classname="| 1 | 1 |" name="Then only results containing &quot;Dublin&quot; should be displayed" time="0"/>
  <testcase classname="| 1 | 1 |" name="And he selects &quot;sortByName&quot;" time="0"/>
  <testcase classname="| 1 | 1 |" name="Then the results should be displayed alphabetically" time="0"/>
  <testcase classname="| 1 | 1 |" name="| 1 | 1 |" time="0.008"/>
  <testcase classname="| 412 | 732 |" name="Given browsers window size is set to &quot;412&quot; and &quot;732&quot;" time="0"/>
  <testcase classname="| 412 | 732 |" name="Given user is on Hostelworld homepage" time="0.002"/>
  <testcase classname="| 412 | 732 |" name="When he searches for &quot;Dublin, Ireland&quot;" time="0.002"/>
  <testcase classname="| 412 | 732 |" name="Then only results containing &quot;Dublin&quot; should be displayed" time="0"/>
  <testcase classname="| 412 | 732 |" name="And he selects &quot;sortByName&quot;" time="0"/>
  <testcase classname="| 412 | 732 |" name="Then the results should be displayed alphabetically" time="0"/>
  <testcase classname="| 412 | 732 |" name="| 412 | 732 |" time="0.001"/>
  <testcase classname="| 768 | 1024 |" name="Given browsers window size is set to &quot;768&quot; and &quot;1024&quot;" time="0"/>
  <testcase classname="| 768 | 1024 |" name="Given user is on Hostelworld homepage" time="0"/>
  <testcase classname="| 768 | 1024 |" name="When he searches for &quot;Dublin, Ireland&quot;" time="0.001"/>
  <testcase classname="| 768 | 1024 |" name="Then only results containing &quot;Dublin&quot; should be displayed" time="0.002"/>
  <testcase classname="| 768 | 1024 |" name="And he selects &quot;sortByName&quot;" time="0"/>
  <testcase classname="| 768 | 1024 |" name="Then the results should be displayed alphabetically" time="0"/>
  <testcase classname="| 768 | 1024 |" name="| 768 | 1024 |" time="0.003"/>
</testsuite>